[2024-03-10T16:37:28.983+0000] {taskinstance.py:1979} INFO - Dependencies all met for dep_context=non-requeueable deps ti=<TaskInstance: processing.Create_images_3 manual__2024-03-10T16:37:02.532167+00:00 [queued]>
[2024-03-10T16:37:28.997+0000] {taskinstance.py:1979} INFO - Dependencies all met for dep_context=requeueable deps ti=<TaskInstance: processing.Create_images_3 manual__2024-03-10T16:37:02.532167+00:00 [queued]>
[2024-03-10T16:37:28.998+0000] {taskinstance.py:2193} INFO - Starting attempt 1 of 1
[2024-03-10T16:37:29.014+0000] {taskinstance.py:2214} INFO - Executing <Task(PythonOperator): Create_images_3> on 2024-03-10 16:37:02.532167+00:00
[2024-03-10T16:37:29.022+0000] {standard_task_runner.py:60} INFO - Started process 1111 to run task
[2024-03-10T16:37:29.027+0000] {standard_task_runner.py:87} INFO - Running: ['***', 'tasks', 'run', 'processing', 'Create_images_3', 'manual__2024-03-10T16:37:02.532167+00:00', '--job-id', '76', '--raw', '--subdir', 'DAGS_FOLDER/process_data.py', '--cfg-path', '/tmp/tmp3ql99ib8']
[2024-03-10T16:37:29.034+0000] {standard_task_runner.py:88} INFO - Job 76: Subtask Create_images_3
[2024-03-10T16:37:29.056+0000] {logging_mixin.py:188} WARNING - /home/***/.local/lib/python3.11/site-packages/***/settings.py:194 DeprecationWarning: The sql_alchemy_conn option in [core] has been moved to the sql_alchemy_conn option in [database] - the old setting has been used, but please update your config.
[2024-03-10T16:37:29.114+0000] {task_command.py:423} INFO - Running <TaskInstance: processing.Create_images_3 manual__2024-03-10T16:37:02.532167+00:00 [running]> on host 65d624ba7e11
[2024-03-10T16:37:29.216+0000] {taskinstance.py:2510} INFO - Exporting env vars: AIRFLOW_CTX_DAG_OWNER='***' AIRFLOW_CTX_DAG_ID='processing' AIRFLOW_CTX_TASK_ID='Create_images_3' AIRFLOW_CTX_EXECUTION_DATE='2024-03-10T16:37:02.532167+00:00' AIRFLOW_CTX_TRY_NUMBER='1' AIRFLOW_CTX_DAG_RUN_ID='manual__2024-03-10T16:37:02.532167+00:00'
[2024-03-10T16:37:29.576+0000] {taskinstance.py:2728} ERROR - Task failed with exception
Traceback (most recent call last):
  File "/home/airflow/.local/lib/python3.11/site-packages/airflow/models/taskinstance.py", line 444, in _execute_task
    result = _execute_callable(context=context, **execute_callable_kwargs)
             ^^^^^^^^^^^^^^^^^^^^^^^^^^^^^^^^^^^^^^^^^^^^^^^^^^^^^^^^^^^^^
  File "/home/airflow/.local/lib/python3.11/site-packages/airflow/models/taskinstance.py", line 414, in _execute_callable
    return execute_callable(context=context, **execute_callable_kwargs)
           ^^^^^^^^^^^^^^^^^^^^^^^^^^^^^^^^^^^^^^^^^^^^^^^^^^^^^^^^^^^^
  File "/home/airflow/.local/lib/python3.11/site-packages/airflow/operators/python.py", line 200, in execute
    return_value = self.execute_callable()
                   ^^^^^^^^^^^^^^^^^^^^^^^
  File "/home/airflow/.local/lib/python3.11/site-packages/airflow/operators/python.py", line 217, in execute_callable
    return self.python_callable(*self.op_args, **self.op_kwargs)
           ^^^^^^^^^^^^^^^^^^^^^^^^^^^^^^^^^^^^^^^^^^^^^^^^^^^^^
  File "/opt/airflow/dags/process_data.py", line 131, in map_maker
    gdf.plot(ax=ax, c = gdf[col], cmap = 'magma', vmin = min_range, vmax = max_range)
  File "/home/airflow/.local/lib/python3.11/site-packages/geopandas/plotting.py", line 979, in __call__
    return plot_dataframe(data, *args, **kwargs)
           ^^^^^^^^^^^^^^^^^^^^^^^^^^^^^^^^^^^^^
  File "/home/airflow/.local/lib/python3.11/site-packages/geopandas/plotting.py", line 690, in plot_dataframe
    ax.set_aspect(1 / np.cos(y_coord * np.pi / 180))
  File "/home/airflow/.local/lib/python3.11/site-packages/matplotlib/axes/_base.py", line 1664, in set_aspect
    raise ValueError("aspect must be finite and positive ")
ValueError: aspect must be finite and positive 
[2024-03-10T16:37:29.598+0000] {taskinstance.py:1149} INFO - Marking task as FAILED. dag_id=processing, task_id=Create_images_3, execution_date=20240310T163702, start_date=20240310T163728, end_date=20240310T163729
[2024-03-10T16:37:29.626+0000] {standard_task_runner.py:107} ERROR - Failed to execute job 76 for task Create_images_3 (aspect must be finite and positive ; 1111)
[2024-03-10T16:37:29.642+0000] {local_task_job_runner.py:234} INFO - Task exited with return code 1
[2024-03-10T16:37:29.666+0000] {taskinstance.py:3309} INFO - 0 downstream tasks scheduled from follow-on schedule check
