[2024-03-10T16:37:28.981+0000] {taskinstance.py:1979} INFO - Dependencies all met for dep_context=non-requeueable deps ti=<TaskInstance: processing.Create_images_6 manual__2024-03-10T16:37:02.532167+00:00 [queued]>
[2024-03-10T16:37:28.994+0000] {taskinstance.py:1979} INFO - Dependencies all met for dep_context=requeueable deps ti=<TaskInstance: processing.Create_images_6 manual__2024-03-10T16:37:02.532167+00:00 [queued]>
[2024-03-10T16:37:28.995+0000] {taskinstance.py:2193} INFO - Starting attempt 1 of 1
[2024-03-10T16:37:29.012+0000] {taskinstance.py:2214} INFO - Executing <Task(PythonOperator): Create_images_6> on 2024-03-10 16:37:02.532167+00:00
[2024-03-10T16:37:29.020+0000] {standard_task_runner.py:60} INFO - Started process 1110 to run task
[2024-03-10T16:37:29.026+0000] {standard_task_runner.py:87} INFO - Running: ['***', 'tasks', 'run', 'processing', 'Create_images_6', 'manual__2024-03-10T16:37:02.532167+00:00', '--job-id', '74', '--raw', '--subdir', 'DAGS_FOLDER/process_data.py', '--cfg-path', '/tmp/tmpne6uq3i6']
[2024-03-10T16:37:29.033+0000] {standard_task_runner.py:88} INFO - Job 74: Subtask Create_images_6
[2024-03-10T16:37:29.058+0000] {logging_mixin.py:188} WARNING - /home/***/.local/lib/python3.11/site-packages/***/settings.py:194 DeprecationWarning: The sql_alchemy_conn option in [core] has been moved to the sql_alchemy_conn option in [database] - the old setting has been used, but please update your config.
[2024-03-10T16:37:29.116+0000] {task_command.py:423} INFO - Running <TaskInstance: processing.Create_images_6 manual__2024-03-10T16:37:02.532167+00:00 [running]> on host 65d624ba7e11
[2024-03-10T16:37:29.217+0000] {taskinstance.py:2510} INFO - Exporting env vars: AIRFLOW_CTX_DAG_OWNER='***' AIRFLOW_CTX_DAG_ID='processing' AIRFLOW_CTX_TASK_ID='Create_images_6' AIRFLOW_CTX_EXECUTION_DATE='2024-03-10T16:37:02.532167+00:00' AIRFLOW_CTX_TRY_NUMBER='1' AIRFLOW_CTX_DAG_RUN_ID='manual__2024-03-10T16:37:02.532167+00:00'
[2024-03-10T16:37:29.566+0000] {logging_mixin.py:188} WARNING - /home/***/.local/lib/python3.11/site-packages/geopandas/array.py:1019 RuntimeWarning: All-NaN slice encountered
[2024-03-10T16:37:29.568+0000] {logging_mixin.py:188} WARNING - /home/***/.local/lib/python3.11/site-packages/geopandas/array.py:1020 RuntimeWarning: All-NaN slice encountered
[2024-03-10T16:37:29.570+0000] {logging_mixin.py:188} WARNING - /home/***/.local/lib/python3.11/site-packages/geopandas/array.py:1021 RuntimeWarning: All-NaN slice encountered
[2024-03-10T16:37:29.571+0000] {logging_mixin.py:188} WARNING - /home/***/.local/lib/python3.11/site-packages/geopandas/array.py:1022 RuntimeWarning: All-NaN slice encountered
[2024-03-10T16:37:29.573+0000] {taskinstance.py:2728} ERROR - Task failed with exception
Traceback (most recent call last):
  File "/home/airflow/.local/lib/python3.11/site-packages/airflow/models/taskinstance.py", line 444, in _execute_task
    result = _execute_callable(context=context, **execute_callable_kwargs)
             ^^^^^^^^^^^^^^^^^^^^^^^^^^^^^^^^^^^^^^^^^^^^^^^^^^^^^^^^^^^^^
  File "/home/airflow/.local/lib/python3.11/site-packages/airflow/models/taskinstance.py", line 414, in _execute_callable
    return execute_callable(context=context, **execute_callable_kwargs)
           ^^^^^^^^^^^^^^^^^^^^^^^^^^^^^^^^^^^^^^^^^^^^^^^^^^^^^^^^^^^^
  File "/home/airflow/.local/lib/python3.11/site-packages/airflow/operators/python.py", line 200, in execute
    return_value = self.execute_callable()
                   ^^^^^^^^^^^^^^^^^^^^^^^
  File "/home/airflow/.local/lib/python3.11/site-packages/airflow/operators/python.py", line 217, in execute_callable
    return self.python_callable(*self.op_args, **self.op_kwargs)
           ^^^^^^^^^^^^^^^^^^^^^^^^^^^^^^^^^^^^^^^^^^^^^^^^^^^^^
  File "/opt/airflow/dags/process_data.py", line 131, in map_maker
    gdf.plot(ax=ax, c = gdf[col], cmap = 'magma', vmin = min_range, vmax = max_range)
  File "/home/airflow/.local/lib/python3.11/site-packages/geopandas/plotting.py", line 979, in __call__
    return plot_dataframe(data, *args, **kwargs)
           ^^^^^^^^^^^^^^^^^^^^^^^^^^^^^^^^^^^^^
  File "/home/airflow/.local/lib/python3.11/site-packages/geopandas/plotting.py", line 690, in plot_dataframe
    ax.set_aspect(1 / np.cos(y_coord * np.pi / 180))
  File "/home/airflow/.local/lib/python3.11/site-packages/matplotlib/axes/_base.py", line 1664, in set_aspect
    raise ValueError("aspect must be finite and positive ")
ValueError: aspect must be finite and positive 
[2024-03-10T16:37:29.596+0000] {taskinstance.py:1149} INFO - Marking task as FAILED. dag_id=processing, task_id=Create_images_6, execution_date=20240310T163702, start_date=20240310T163728, end_date=20240310T163729
[2024-03-10T16:37:29.613+0000] {standard_task_runner.py:107} ERROR - Failed to execute job 74 for task Create_images_6 (aspect must be finite and positive ; 1110)
[2024-03-10T16:37:29.646+0000] {local_task_job_runner.py:234} INFO - Task exited with return code 1
[2024-03-10T16:37:29.677+0000] {taskinstance.py:3309} INFO - 0 downstream tasks scheduled from follow-on schedule check
