[2024-03-10T14:12:42.106+0000] {taskinstance.py:1979} INFO - Dependencies all met for dep_context=non-requeueable deps ti=<TaskInstance: processing.Create_merge_datasets_1 manual__2024-03-10T14:12:32.373052+00:00 [queued]>
[2024-03-10T14:12:42.114+0000] {taskinstance.py:1979} INFO - Dependencies all met for dep_context=requeueable deps ti=<TaskInstance: processing.Create_merge_datasets_1 manual__2024-03-10T14:12:32.373052+00:00 [queued]>
[2024-03-10T14:12:42.115+0000] {taskinstance.py:2193} INFO - Starting attempt 1 of 1
[2024-03-10T14:12:42.130+0000] {taskinstance.py:2214} INFO - Executing <Task(PythonOperator): Create_merge_datasets_1> on 2024-03-10 14:12:32.373052+00:00
[2024-03-10T14:12:42.136+0000] {standard_task_runner.py:60} INFO - Started process 2555 to run task
[2024-03-10T14:12:42.144+0000] {standard_task_runner.py:87} INFO - Running: ['***', 'tasks', 'run', 'processing', 'Create_merge_datasets_1', 'manual__2024-03-10T14:12:32.373052+00:00', '--job-id', '94', '--raw', '--subdir', 'DAGS_FOLDER/process_data.py', '--cfg-path', '/tmp/tmprpje0s3k']
[2024-03-10T14:12:42.155+0000] {standard_task_runner.py:88} INFO - Job 94: Subtask Create_merge_datasets_1
[2024-03-10T14:12:42.222+0000] {logging_mixin.py:188} WARNING - /home/***/.local/lib/python3.11/site-packages/***/settings.py:194 DeprecationWarning: The sql_alchemy_conn option in [core] has been moved to the sql_alchemy_conn option in [database] - the old setting has been used, but please update your config.
[2024-03-10T14:12:42.316+0000] {task_command.py:423} INFO - Running <TaskInstance: processing.Create_merge_datasets_1 manual__2024-03-10T14:12:32.373052+00:00 [running]> on host 81bb4583c109
[2024-03-10T14:12:42.434+0000] {taskinstance.py:2510} INFO - Exporting env vars: AIRFLOW_CTX_DAG_OWNER='***' AIRFLOW_CTX_DAG_ID='processing' AIRFLOW_CTX_TASK_ID='Create_merge_datasets_1' AIRFLOW_CTX_EXECUTION_DATE='2024-03-10T14:12:32.373052+00:00' AIRFLOW_CTX_TRY_NUMBER='1' AIRFLOW_CTX_DAG_RUN_ID='manual__2024-03-10T14:12:32.373052+00:00'
[2024-03-10T14:12:42.505+0000] {taskinstance.py:2728} ERROR - Task failed with exception
Traceback (most recent call last):
  File "/home/airflow/.local/lib/python3.11/site-packages/airflow/models/taskinstance.py", line 444, in _execute_task
    result = _execute_callable(context=context, **execute_callable_kwargs)
             ^^^^^^^^^^^^^^^^^^^^^^^^^^^^^^^^^^^^^^^^^^^^^^^^^^^^^^^^^^^^^
  File "/home/airflow/.local/lib/python3.11/site-packages/airflow/models/taskinstance.py", line 414, in _execute_callable
    return execute_callable(context=context, **execute_callable_kwargs)
           ^^^^^^^^^^^^^^^^^^^^^^^^^^^^^^^^^^^^^^^^^^^^^^^^^^^^^^^^^^^^
  File "/home/airflow/.local/lib/python3.11/site-packages/airflow/operators/python.py", line 200, in execute
    return_value = self.execute_callable()
                   ^^^^^^^^^^^^^^^^^^^^^^^
  File "/home/airflow/.local/lib/python3.11/site-packages/airflow/operators/python.py", line 217, in execute_callable
    return self.python_callable(*self.op_args, **self.op_kwargs)
           ^^^^^^^^^^^^^^^^^^^^^^^^^^^^^^^^^^^^^^^^^^^^^^^^^^^^^
  File "/opt/airflow/dags/process_data.py", line 49, in get_avg_csv
    df[col] = df[col].astype(float)
              ^^^^^^^^^^^^^^^^^^^^^
  File "/home/airflow/.local/lib/python3.11/site-packages/pandas/core/generic.py", line 6534, in astype
    new_data = self._mgr.astype(dtype=dtype, copy=copy, errors=errors)
               ^^^^^^^^^^^^^^^^^^^^^^^^^^^^^^^^^^^^^^^^^^^^^^^^^^^^^^^
  File "/home/airflow/.local/lib/python3.11/site-packages/pandas/core/internals/managers.py", line 414, in astype
    return self.apply(
           ^^^^^^^^^^^
  File "/home/airflow/.local/lib/python3.11/site-packages/pandas/core/internals/managers.py", line 354, in apply
    applied = getattr(b, f)(**kwargs)
              ^^^^^^^^^^^^^^^^^^^^^^^
  File "/home/airflow/.local/lib/python3.11/site-packages/pandas/core/internals/blocks.py", line 616, in astype
    new_values = astype_array_safe(values, dtype, copy=copy, errors=errors)
                 ^^^^^^^^^^^^^^^^^^^^^^^^^^^^^^^^^^^^^^^^^^^^^^^^^^^^^^^^^^
  File "/home/airflow/.local/lib/python3.11/site-packages/pandas/core/dtypes/astype.py", line 238, in astype_array_safe
    new_values = astype_array(values, dtype, copy=copy)
                 ^^^^^^^^^^^^^^^^^^^^^^^^^^^^^^^^^^^^^^
  File "/home/airflow/.local/lib/python3.11/site-packages/pandas/core/dtypes/astype.py", line 183, in astype_array
    values = _astype_nansafe(values, dtype, copy=copy)
             ^^^^^^^^^^^^^^^^^^^^^^^^^^^^^^^^^^^^^^^^^
  File "/home/airflow/.local/lib/python3.11/site-packages/pandas/core/dtypes/astype.py", line 134, in _astype_nansafe
    return arr.astype(dtype, copy=True)
           ^^^^^^^^^^^^^^^^^^^^^^^^^^^^
ValueError: could not convert string to float: '||RA'
[2024-03-10T14:12:42.548+0000] {taskinstance.py:1149} INFO - Marking task as FAILED. dag_id=processing, task_id=Create_merge_datasets_1, execution_date=20240310T141232, start_date=20240310T141242, end_date=20240310T141242
[2024-03-10T14:12:42.568+0000] {standard_task_runner.py:107} ERROR - Failed to execute job 94 for task Create_merge_datasets_1 (could not convert string to float: '||RA'; 2555)
[2024-03-10T14:12:42.597+0000] {local_task_job_runner.py:234} INFO - Task exited with return code 1
[2024-03-10T14:12:42.619+0000] {taskinstance.py:3309} INFO - 0 downstream tasks scheduled from follow-on schedule check
