[2024-03-03T02:42:15.060+0000] {taskinstance.py:1979} INFO - Dependencies all met for dep_context=non-requeueable deps ti=<TaskInstance: fetch_data_files.get_files scheduled__2017-03-28T00:00:00+00:00 [queued]>
[2024-03-03T02:42:15.074+0000] {taskinstance.py:1979} INFO - Dependencies all met for dep_context=requeueable deps ti=<TaskInstance: fetch_data_files.get_files scheduled__2017-03-28T00:00:00+00:00 [queued]>
[2024-03-03T02:42:15.075+0000] {taskinstance.py:2193} INFO - Starting attempt 1 of 1
[2024-03-03T02:42:15.094+0000] {taskinstance.py:2214} INFO - Executing <Task(PythonOperator): get_files> on 2017-03-28 00:00:00+00:00
[2024-03-03T02:42:15.102+0000] {standard_task_runner.py:60} INFO - Started process 1325 to run task
[2024-03-03T02:42:15.106+0000] {standard_task_runner.py:87} INFO - Running: ['***', 'tasks', 'run', 'fetch_data_files', 'get_files', 'scheduled__2017-03-28T00:00:00+00:00', '--job-id', '3446', '--raw', '--subdir', 'DAGS_FOLDER/dummy_dag.py', '--cfg-path', '/tmp/tmpy53r7vrp']
[2024-03-03T02:42:15.110+0000] {standard_task_runner.py:88} INFO - Job 3446: Subtask get_files
[2024-03-03T02:42:15.157+0000] {logging_mixin.py:188} WARNING - /home/***/.local/lib/python3.11/site-packages/***/settings.py:194 DeprecationWarning: The sql_alchemy_conn option in [core] has been moved to the sql_alchemy_conn option in [database] - the old setting has been used, but please update your config.
[2024-03-03T02:42:15.212+0000] {task_command.py:423} INFO - Running <TaskInstance: fetch_data_files.get_files scheduled__2017-03-28T00:00:00+00:00 [running]> on host 887b52fd1a6d
[2024-03-03T02:42:15.330+0000] {taskinstance.py:2510} INFO - Exporting env vars: AIRFLOW_CTX_DAG_OWNER='***' AIRFLOW_CTX_DAG_ID='fetch_data_files' AIRFLOW_CTX_TASK_ID='get_files' AIRFLOW_CTX_EXECUTION_DATE='2017-03-28T00:00:00+00:00' AIRFLOW_CTX_TRY_NUMBER='1' AIRFLOW_CTX_DAG_RUN_ID='scheduled__2017-03-28T00:00:00+00:00'
[2024-03-03T02:42:23.202+0000] {taskinstance.py:2728} ERROR - Task failed with exception
Traceback (most recent call last):
  File "/home/airflow/.local/lib/python3.11/site-packages/airflow/models/taskinstance.py", line 444, in _execute_task
    result = _execute_callable(context=context, **execute_callable_kwargs)
             ^^^^^^^^^^^^^^^^^^^^^^^^^^^^^^^^^^^^^^^^^^^^^^^^^^^^^^^^^^^^^
  File "/home/airflow/.local/lib/python3.11/site-packages/airflow/models/taskinstance.py", line 414, in _execute_callable
    return execute_callable(context=context, **execute_callable_kwargs)
           ^^^^^^^^^^^^^^^^^^^^^^^^^^^^^^^^^^^^^^^^^^^^^^^^^^^^^^^^^^^^
  File "/home/airflow/.local/lib/python3.11/site-packages/airflow/operators/python.py", line 200, in execute
    return_value = self.execute_callable()
                   ^^^^^^^^^^^^^^^^^^^^^^^
  File "/home/airflow/.local/lib/python3.11/site-packages/airflow/operators/python.py", line 217, in execute_callable
    return self.python_callable(*self.op_args, **self.op_kwargs)
           ^^^^^^^^^^^^^^^^^^^^^^^^^^^^^^^^^^^^^^^^^^^^^^^^^^^^^
  File "/opt/airflow/dags/dummy_dag.py", line 45, in download_years_list
    os.remove(f'/opt/airflow/Files/{x[i]}')
FileNotFoundError: [Errno 2] No such file or directory: '/opt/airflow/Files/02907099999.csv'
[2024-03-03T02:42:23.234+0000] {taskinstance.py:1149} INFO - Marking task as FAILED. dag_id=fetch_data_files, task_id=get_files, execution_date=20170328T000000, start_date=20240303T024215, end_date=20240303T024223
[2024-03-03T02:42:23.272+0000] {standard_task_runner.py:107} ERROR - Failed to execute job 3446 for task get_files ([Errno 2] No such file or directory: '/opt/airflow/Files/02907099999.csv'; 1325)
[2024-03-03T02:42:23.293+0000] {local_task_job_runner.py:234} INFO - Task exited with return code 1
[2024-03-03T02:42:23.318+0000] {taskinstance.py:3309} INFO - 0 downstream tasks scheduled from follow-on schedule check
